#
# There is insufficient memory for the Java Runtime Environment to continue.
# Native memory allocation (malloc) failed to allocate 1205296 bytes for Chunk::new
# Possible reasons:
#   The system is out of physical RAM or swap space
#   The process is running with CompressedOops enabled, and the Java Heap may be blocking the growth of the native heap
# Possible solutions:
#   Reduce memory load on the system
#   Increase physical memory or swap space
#   Check if swap backing store is full
#   Decrease Java heap size (-Xmx/-Xms)
#   Decrease number of Java threads
#   Decrease Java thread stack sizes (-Xss)
#   Set larger code cache with -XX:ReservedCodeCacheSize=
#   JVM is running with Unscaled Compressed Oops mode in which the Java heap is
#     placed in the first 4GB address space. The Java Heap base address is the
#     maximum limit for the native heap growth. Please use -XX:HeapBaseMinAddress
#     to set the Java Heap base and to place the Java Heap above 4GB virtual address.
# This output file may be truncated or incomplete.
#
#  Out of Memory Error (t:/workspace/open/src/hotspot/share/memory/arena.cpp:197), pid=17956, tid=4376
#
# JRE version: Java(TM) SE Runtime Environment (11.0.2+9) (build 11.0.2+9-LTS)
# Java VM: Java HotSpot(TM) 64-Bit Server VM (11.0.2+9-LTS, mixed mode, tiered, compressed oops, g1 gc, windows-amd64)
# No core dump will be written. Minidumps are not enabled by default on client versions of Windows
#

---------------  S U M M A R Y ------------

Command Line: --add-opens=java.base/java.util=ALL-UNNAMED --add-opens=java.base/java.lang=ALL-UNNAMED --add-opens=java.base/java.lang.invoke=ALL-UNNAMED --add-opens=java.prefs/java.util.prefs=ALL-UNNAMED -Xmx1536m -Dfile.encoding=GBK -Duser.country=CN -Duser.language=zh -Duser.variant org.gradle.launcher.daemon.bootstrap.GradleDaemon 5.6.4

Host: Intel(R) Core(TM) i5-9300H CPU @ 2.40GHz, 8 cores, 7G,  Windows 10 , 64 bit Build 22000 (10.0.22000.613)
Time: Tue Apr 19 19:14:58 2022 中国标准时间 elapsed time: 8851 seconds (0d 2h 27m 31s)

---------------  T H R E A D  ---------------

Current thread (0x0000026febfb5000):  JavaThread "C2 CompilerThread2" daemon [_thread_in_native, id=4376, stack(0x00000086a0000000,0x00000086a0100000)]


Current CompileTask:
C2:8851001 22605       4       com.android.tools.r8.graph.x::h (94 bytes)

Stack: [0x00000086a0000000,0x00000086a0100000]
Native frames: (J=compiled Java code, j=interpreted, Vv=VM code, C=native code)
V  [jvm.dll+0x63574a]
V  [jvm.dll+0x77326f]
V  [jvm.dll+0x77491a]
V  [jvm.dll+0x774fd3]
V  [jvm.dll+0x25e418]
V  [jvm.dll+0xc2141]
V  [jvm.dll+0xc26dc]
V  [jvm.dll+0x36d772]
V  [jvm.dll+0x33a8b3]
V  [jvm.dll+0x339c8a]
V  [jvm.dll+0x218245]
V  [jvm.dll+0x2173ea]
V  [jvm.dll+0x194200]
V  [jvm.dll+0x2263af]
V  [jvm.dll+0x2249b8]
V  [jvm.dll+0x738a9d]
V  [jvm.dll+0x6347f2]
C  [ucrtbase.dll+0x26c0c]
C  [KERNEL32.DLL+0x154e0]
C  [ntdll.dll+0x485b]


---------------  P R O C E S S  ---------------

Threads class SMR info:
_java_thread_list=0x0000026feb35f2b0, length=66, elements={
0x0000026fc89da000, 0x0000026fe6388000, 0x0000026fe6389000, 0x0000026fe6c9b000,
0x0000026fe6c9d000, 0x0000026fe6c9e000, 0x0000026fe6ca3800, 0x0000026fe6ca4800,
0x0000026fe6e07000, 0x0000026fe6e37800, 0x0000026fe93d2800, 0x0000026fe7291800,
0x0000026fe7e12800, 0x0000026fea6a0800, 0x0000026fea69f800, 0x0000026fea69c800,
0x0000026fea69d000, 0x0000026feb099800, 0x0000026fea6a3000, 0x0000026ff3b0b000,
0x0000026ff3b0c800, 0x0000026ff3b0d800, 0x0000026ff3b0f000, 0x0000026ff3b0e000,
0x0000026ff3b0b800, 0x0000026ff3b09800, 0x0000026ff3b10000, 0x0000026ff3b0a000,
0x0000026ff3b16800, 0x0000026ff3b13000, 0x0000026ff3b14800, 0x0000026ff3b14000,
0x0000026ff3b15800, 0x0000026ff3b10800, 0x0000026ff3b17000, 0x0000026ff3b11800,
0x0000026ff3b18000, 0x0000026feb08d800, 0x0000026feb090800, 0x0000026feb092800,
0x0000026feb08e800, 0x0000026feb08f000, 0x0000026feb091800, 0x0000026feb08c800,
0x0000026feb099000, 0x0000026feb093000, 0x0000026feb096800, 0x0000026feb094000,
0x0000026feb095000, 0x0000026feb09b800, 0x0000026feb098000, 0x0000026fea6a1000,
0x0000026fea6a2000, 0x0000026fec37e800, 0x0000026fec37b000, 0x0000026fec380000,
0x0000026febfbb800, 0x0000026febfb6000, 0x0000026febfba800, 0x0000026febfb8000,
0x0000026febfb7800, 0x0000026febfbc800, 0x0000026febfba000, 0x0000026febfb6800,
0x0000026febfb9000, 0x0000026febfb5000
}

Java Threads: ( => current thread )
  0x0000026fc89da000 JavaThread "main" [_thread_blocked, id=24708, stack(0x000000869c200000,0x000000869c300000)]
  0x0000026fe6388000 JavaThread "Reference Handler" daemon [_thread_blocked, id=1148, stack(0x000000869c900000,0x000000869ca00000)]
  0x0000026fe6389000 JavaThread "Finalizer" daemon [_thread_blocked, id=4128, stack(0x000000869ca00000,0x000000869cb00000)]
  0x0000026fe6c9b000 JavaThread "Signal Dispatcher" daemon [_thread_blocked, id=15464, stack(0x000000869cb00000,0x000000869cc00000)]
  0x0000026fe6c9d000 JavaThread "Attach Listener" daemon [_thread_blocked, id=19024, stack(0x000000869cc00000,0x000000869cd00000)]
  0x0000026fe6c9e000 JavaThread "C2 CompilerThread0" daemon [_thread_blocked, id=27108, stack(0x000000869cd00000,0x000000869ce00000)]
  0x0000026fe6ca3800 JavaThread "C1 CompilerThread0" daemon [_thread_blocked, id=9744, stack(0x000000869ce00000,0x000000869cf00000)]
  0x0000026fe6ca4800 JavaThread "Sweeper thread" daemon [_thread_blocked, id=18724, stack(0x000000869cf00000,0x000000869d000000)]
  0x0000026fe6e07000 JavaThread "Common-Cleaner" daemon [_thread_blocked, id=10376, stack(0x000000869d000000,0x000000869d100000)]
  0x0000026fe6e37800 JavaThread "Service Thread" daemon [_thread_blocked, id=2116, stack(0x000000869d100000,0x000000869d200000)]
  0x0000026fe93d2800 JavaThread "Daemon health stats" [_thread_blocked, id=3404, stack(0x000000869d700000,0x000000869d800000)]
  0x0000026fe7291800 JavaThread "Incoming local TCP Connector on port 1294" [_thread_in_native, id=27252, stack(0x000000869d300000,0x000000869d400000)]
  0x0000026fe7e12800 JavaThread "Daemon periodic checks" [_thread_blocked, id=11328, stack(0x000000869d600000,0x000000869d700000)]
  0x0000026fea6a0800 JavaThread "Cache worker for file hash cache (F:\cacheadr\.gradle\caches\5.6.4\fileHashes)" [_thread_blocked, id=25544, stack(0x000000869df00000,0x000000869e000000)]
  0x0000026fea69f800 JavaThread "File lock request listener" [_thread_in_native, id=17668, stack(0x000000869e000000,0x000000869e100000)]
  0x0000026fea69c800 JavaThread "Cache worker for journal cache (F:\cacheadr\.gradle\caches\journal-1)" [_thread_blocked, id=14708, stack(0x000000869e100000,0x000000869e200000)]
  0x0000026fea69d000 JavaThread "Cache worker for execution history cache (F:\cacheadr\.gradle\caches\5.6.4\executionHistory)" [_thread_blocked, id=16652, stack(0x000000869eb00000,0x000000869ec00000)]
  0x0000026feb099800 JavaThread "Memory manager" [_thread_blocked, id=17348, stack(0x000000869f700000,0x000000869f800000)]
  0x0000026fea6a3000 JavaThread "Cache worker for file content cache (F:\cacheadr\.gradle\caches\5.6.4\fileContent)" [_thread_blocked, id=26092, stack(0x000000869f800000,0x000000869f900000)]
  0x0000026ff3b0b000 JavaThread "ForkJoinPool.commonPool-worker-11" daemon [_thread_blocked, id=11044, stack(0x00000086a0f00000,0x00000086a1000000)]
  0x0000026ff3b0c800 JavaThread "Daemon Thread 2" [_thread_blocked, id=20244, stack(0x000000869bf00000,0x000000869c000000)]
  0x0000026ff3b0d800 JavaThread "Handler for socket connection from /127.0.0.1:1294 to /127.0.0.1:7272" [_thread_in_native, id=25848, stack(0x000000869c000000,0x000000869c100000)]
  0x0000026ff3b0f000 JavaThread "Cancel handler" [_thread_blocked, id=5820, stack(0x000000869c100000,0x000000869c200000)]
  0x0000026ff3b0e000 JavaThread "Daemon worker Thread 2" [_thread_blocked, id=11680, stack(0x000000869d800000,0x000000869d900000)]
  0x0000026ff3b0b800 JavaThread "Asynchronous log dispatcher for DefaultDaemonConnection: socket connection from /127.0.0.1:1294 to /127.0.0.1:7272" [_thread_blocked, id=10952, stack(0x000000869d900000,0x000000869da00000)]
  0x0000026ff3b09800 JavaThread "Stdin handler" [_thread_blocked, id=16720, stack(0x000000869da00000,0x000000869db00000)]
  0x0000026ff3b10000 JavaThread "Thread-185" [_thread_blocked, id=9588, stack(0x000000869db00000,0x000000869dc00000)]
  0x0000026ff3b0a000 JavaThread "Cache worker for file hash cache (F:\Android_Project\my-ui\.gradle\5.6.4\fileHashes)" [_thread_blocked, id=22940, stack(0x000000869dc00000,0x000000869dd00000)]
  0x0000026ff3b16800 JavaThread "Cache worker for cache directory md-supplier (F:\cacheadr\.gradle\caches\5.6.4\md-supplier)" [_thread_blocked, id=2136, stack(0x000000869de00000,0x000000869df00000)]
  0x0000026ff3b13000 JavaThread "Cache worker for cache directory md-rule (F:\cacheadr\.gradle\caches\5.6.4\md-rule)" [_thread_blocked, id=27584, stack(0x000000869e800000,0x000000869e900000)]
  0x0000026ff3b14800 JavaThread "Build operations" [_thread_blocked, id=18952, stack(0x000000869e900000,0x000000869ea00000)]
  0x0000026ff3b14000 JavaThread "Build operations Thread 2" [_thread_blocked, id=20536, stack(0x000000869ea00000,0x000000869eb00000)]
  0x0000026ff3b15800 JavaThread "Build operations Thread 3" [_thread_blocked, id=7676, stack(0x000000869ec00000,0x000000869ed00000)]
  0x0000026ff3b10800 JavaThread "Build operations Thread 4" [_thread_blocked, id=20264, stack(0x000000869ed00000,0x000000869ee00000)]
  0x0000026ff3b17000 JavaThread "Build operations Thread 5" [_thread_blocked, id=24460, stack(0x000000869ee00000,0x000000869ef00000)]
  0x0000026ff3b11800 JavaThread "Build operations Thread 6" [_thread_blocked, id=9040, stack(0x000000869ef00000,0x000000869f000000)]
  0x0000026ff3b18000 JavaThread "Build operations Thread 7" [_thread_blocked, id=15740, stack(0x000000869f000000,0x000000869f100000)]
  0x0000026feb08d800 JavaThread "Build operations Thread 8" [_thread_blocked, id=21872, stack(0x000000869f100000,0x000000869f200000)]
  0x0000026feb090800 JavaThread "Cache worker for Build Output Cleanup Cache (F:\Android_Project\my-ui\.gradle\buildOutputCleanup)" [_thread_blocked, id=21384, stack(0x000000869f300000,0x000000869f400000)]
  0x0000026feb092800 JavaThread "Cache worker for file content cache (F:\Android_Project\my-ui\.gradle\5.6.4\fileContent)" [_thread_blocked, id=12780, stack(0x000000869f400000,0x000000869f500000)]
  0x0000026feb08e800 JavaThread "Execution worker for ':'" [_thread_blocked, id=20332, stack(0x000000869f500000,0x000000869f600000)]
  0x0000026feb08f000 JavaThread "Execution worker for ':' Thread 2" [_thread_blocked, id=12980, stack(0x000000869f600000,0x000000869f700000)]
  0x0000026feb091800 JavaThread "Execution worker for ':' Thread 3" [_thread_blocked, id=23628, stack(0x000000869f900000,0x000000869fa00000)]
  0x0000026feb08c800 JavaThread "Execution worker for ':' Thread 4" [_thread_blocked, id=15300, stack(0x000000869fa00000,0x000000869fb00000)]
  0x0000026feb099000 JavaThread "Execution worker for ':' Thread 5" [_thread_blocked, id=21796, stack(0x000000869fb00000,0x000000869fc00000)]
  0x0000026feb093000 JavaThread "Execution worker for ':' Thread 6" [_thread_blocked, id=21432, stack(0x000000869fc00000,0x000000869fd00000)]
  0x0000026feb096800 JavaThread "Execution worker for ':' Thread 7" [_thread_blocked, id=15892, stack(0x000000869fd00000,0x000000869fe00000)]
  0x0000026feb094000 JavaThread "Cache worker for execution history cache (F:\Android_Project\my-ui\.gradle\5.6.4\executionHistory)" [_thread_blocked, id=18372, stack(0x000000869fe00000,0x000000869ff00000)]
  0x0000026feb095000 JavaThread "pool-19-thread-1" [_thread_blocked, id=21736, stack(0x00000086a0100000,0x00000086a0200000)]
  0x0000026feb09b800 JavaThread "stderr" [_thread_in_native, id=2812, stack(0x00000086a0200000,0x00000086a0300000)]
  0x0000026feb098000 JavaThread "stdout" [_thread_in_native, id=17092, stack(0x00000086a0300000,0x00000086a0400000)]
  0x0000026fea6a1000 JavaThread "stderr" [_thread_in_native, id=12304, stack(0x00000086a0400000,0x00000086a0500000)]
  0x0000026fea6a2000 JavaThread "stdout" [_thread_in_native, id=27380, stack(0x00000086a0500000,0x00000086a0600000)]
  0x0000026fec37e800 JavaThread "WorkerExecutor Queue Thread 3" [_thread_blocked, id=10776, stack(0x00000086a0600000,0x00000086a0700000)]
  0x0000026fec37b000 JavaThread "Cache worker for Java compile cache (F:\cacheadr\.gradle\caches\5.6.4\javaCompile)" [_thread_blocked, id=21604, stack(0x00000086a0700000,0x00000086a0800000)]
  0x0000026fec380000 JavaThread "Cache worker for Java compile cache (F:\Android_Project\my-ui\.gradle\5.6.4\javaCompile)" [_thread_blocked, id=19068, stack(0x00000086a0800000,0x00000086a0900000)]
  0x0000026febfbb800 JavaThread "ForkJoinPool-8-worker-3" daemon [_thread_blocked, id=21812, stack(0x000000869f200000,0x000000869f300000)]
  0x0000026febfb6000 JavaThread "ForkJoinPool-8-worker-5" daemon [_thread_blocked, id=21560, stack(0x00000086a0e00000,0x00000086a0f00000)]
  0x0000026febfba800 JavaThread "ForkJoinPool-8-worker-7" daemon [_thread_blocked, id=26400, stack(0x00000086a1000000,0x00000086a1100000)]
  0x0000026febfb8000 JavaThread "ForkJoinPool-8-worker-9" daemon [_thread_blocked, id=12228, stack(0x00000086a1100000,0x00000086a1200000)]
  0x0000026febfb7800 JavaThread "ForkJoinPool-8-worker-11" daemon [_thread_blocked, id=17524, stack(0x00000086a1200000,0x00000086a1300000)]
  0x0000026febfbc800 JavaThread "ForkJoinPool-8-worker-13" daemon [_thread_blocked, id=21648, stack(0x00000086a1300000,0x00000086a1400000)]
  0x0000026febfba000 JavaThread "ForkJoinPool-8-worker-15" daemon [_thread_blocked, id=21468, stack(0x00000086a1400000,0x00000086a1500000)]
  0x0000026febfb6800 JavaThread "ForkJoinPool-8-worker-1" daemon [_thread_in_Java, id=16696, stack(0x00000086a1500000,0x00000086a1600000)]
  0x0000026febfb9000 JavaThread "C2 CompilerThread1" daemon [_thread_blocked, id=25424, stack(0x000000869dd00000,0x000000869de00000)]
=>0x0000026febfb5000 JavaThread "C2 CompilerThread2" daemon [_thread_in_native, id=4376, stack(0x00000086a0000000,0x00000086a0100000)]

Other Threads:
  0x0000026fe6384000 VMThread "VM Thread" [stack: 0x000000869c800000,0x000000869c900000] [id=3604]
  0x0000026fe6e53000 WatcherThread [stack: 0x000000869d200000,0x000000869d300000] [id=25196]
  0x0000026fc89f0800 GCTaskThread "GC Thread#0" [stack: 0x000000869c300000,0x000000869c400000] [id=24168]
  0x0000026fe77c1000 GCTaskThread "GC Thread#1" [stack: 0x000000869d400000,0x000000869d500000] [id=4364]
  0x0000026fe77c1800 GCTaskThread "GC Thread#2" [stack: 0x000000869d500000,0x000000869d600000] [id=9912]
  0x0000026fe8d40000 GCTaskThread "GC Thread#3" [stack: 0x000000869e200000,0x000000869e300000] [id=10168]
  0x0000026fe86b9000 GCTaskThread "GC Thread#4" [stack: 0x000000869e300000,0x000000869e400000] [id=26996]
  0x0000026fe9936800 GCTaskThread "GC Thread#5" [stack: 0x000000869e400000,0x000000869e500000] [id=12044]
  0x0000026fe8318000 GCTaskThread "GC Thread#6" [stack: 0x000000869e500000,0x000000869e600000] [id=25684]
  0x0000026fe8bf9800 GCTaskThread "GC Thread#7" [stack: 0x000000869e600000,0x000000869e700000] [id=13236]
  0x0000026fc8a17800 ConcurrentGCThread "G1 Main Marker" [stack: 0x000000869c400000,0x000000869c500000] [id=18740]
  0x0000026fc8a1a000 ConcurrentGCThread "G1 Conc#0" [stack: 0x000000869c500000,0x000000869c600000] [id=20152]
  0x0000026fe9519000 ConcurrentGCThread "G1 Conc#1" [stack: 0x000000869e700000,0x000000869e800000] [id=14088]
  0x0000026fe61f0800 ConcurrentGCThread "G1 Refine#0" [stack: 0x000000869c600000,0x000000869c700000] [id=19236]
  0x0000026fe97cf000 ConcurrentGCThread "G1 Refine#1" [stack: 0x000000869ff00000,0x00000086a0000000] [id=12184]
  0x0000026fe61f1800 ConcurrentGCThread "G1 Young RemSet Sampling" [stack: 0x000000869c700000,0x000000869c800000] [id=9232]

Threads with active compile tasks:
C2 CompilerThread222605       4       com.android.tools.r8.graph.x::h (94 bytes)

VM state:not at safepoint (normal execution)

VM Mutex/Monitor currently owned by a thread: None

Heap address: 0x00000000a0000000, size: 1536 MB, Compressed Oops mode: 32-bit
Narrow klass base: 0x0000000000000000, Narrow klass shift: 3
Compressed class space size: 1073741824 Address: 0x0000000100000000

Heap:
 garbage-first heap   total 275456K, used 218187K [0x00000000a0000000, 0x0000000100000000)
  region size 1024K, 17 young (17408K), 1 survivors (1024K)
 Metaspace       used 119859K, capacity 122484K, committed 122828K, reserved 1157120K
  class space    used 14574K, capacity 15507K, committed 15616K, reserved 1048576K
Heap Regions: E=young(eden), S=young(survivor), O=old, HS=humongous(starts), HC=humongous(continues), CS=collection set, F=free, A=archive, TAMS=top-at-mark-start (previous, next)
|   0|0x00000000a0000000, 0x00000000a0100000, 0x00000000a0100000|100%| O|  |TAMS 0x00000000a0100000, 0x00000000a0000000| Untracked 
|   1|0x00000000a0100000, 0x00000000a0200000, 0x00000000a0200000|100%| O|  |TAMS 0x00000000a0200000, 0x00000000a0100000| Untracked 
|   2|0x00000000a0200000, 0x00000000a0300000, 0x00000000a0300000|100%| O|  |TAMS 0x00000000a0300000, 0x00000000a0200000| Untracked 
|   3|0x00000000a0300000, 0x00000000a0400000, 0x00000000a0400000|100%|HS|  |TAMS 0x00000000a0400000, 0x00000000a0300000| Complete 
|   4|0x00000000a0400000, 0x00000000a0500000, 0x00000000a0500000|100%|HC|  |TAMS 0x00000000a0500000, 0x00000000a0400000| Complete 
|   5|0x00000000a0500000, 0x00000000a0600000, 0x00000000a0600000|100%|HC|  |TAMS 0x00000000a0600000, 0x00000000a0500000| Complete 
|   6|0x00000000a0600000, 0x00000000a0700000, 0x00000000a0700000|100%| O|  |TAMS 0x00000000a0700000, 0x00000000a0600000| Untracked 
|   7|0x00000000a0700000, 0x00000000a0800000, 0x00000000a0800000|100%| O|  |TAMS 0x00000000a0800000, 0x00000000a0700000| Untracked 
|   8|0x00000000a0800000, 0x00000000a0900000, 0x00000000a0900000|100%| O|  |TAMS 0x00000000a0900000, 0x00000000a0800000| Complete 
|   9|0x00000000a0900000, 0x00000000a0a00000, 0x00000000a0a00000|100%| O|  |TAMS 0x00000000a0a00000, 0x00000000a0900000| Untracked 
|  10|0x00000000a0a00000, 0x00000000a0b00000, 0x00000000a0b00000|100%| O|  |TAMS 0x00000000a0b00000, 0x00000000a0a00000| Complete 
|  11|0x00000000a0b00000, 0x00000000a0c00000, 0x00000000a0c00000|100%| O|  |TAMS 0x00000000a0c00000, 0x00000000a0b00000| Untracked 
|  12|0x00000000a0c00000, 0x00000000a0d00000, 0x00000000a0d00000|100%| O|  |TAMS 0x00000000a0d00000, 0x00000000a0c00000| Complete 
|  13|0x00000000a0d00000, 0x00000000a0e00000, 0x00000000a0e00000|100%| O|  |TAMS 0x00000000a0e00000, 0x00000000a0d00000| Untracked 
|  14|0x00000000a0e00000, 0x00000000a0f00000, 0x00000000a0f00000|100%| O|  |TAMS 0x00000000a0f00000, 0x00000000a0e00000| Untracked 
|  15|0x00000000a0f00000, 0x00000000a1000000, 0x00000000a1000000|100%| O|  |TAMS 0x00000000a1000000, 0x00000000a0f00000| Complete 
|  16|0x00000000a1000000, 0x00000000a1100000, 0x00000000a1100000|100%|HS|  |TAMS 0x00000000a1100000, 0x00000000a1000000| Complete 
|  17|0x00000000a1100000, 0x00000000a1200000, 0x00000000a1200000|100%|HC|  |TAMS 0x00000000a1200000, 0x00000000a1100000| Complete 
|  18|0x00000000a1200000, 0x00000000a1300000, 0x00000000a1300000|100%|HS|  |TAMS 0x00000000a1300000, 0x00000000a1200000| Complete 
|  19|0x00000000a1300000, 0x00000000a1400000, 0x00000000a1400000|100%|HC|  |TAMS 0x00000000a1400000, 0x00000000a1300000| Complete 
|  20|0x00000000a1400000, 0x00000000a1500000, 0x00000000a1500000|100%|HC|  |TAMS 0x00000000a1500000, 0x00000000a1400000| Complete 
|  21|0x00000000a1500000, 0x00000000a1600000, 0x00000000a1600000|100%|HS|  |TAMS 0x00000000a1600000, 0x00000000a1500000| Complete 
|  22|0x00000000a1600000, 0x00000000a1700000, 0x00000000a1700000|100%|HC|  |TAMS 0x00000000a1700000, 0x00000000a1600000| Complete 
|  23|0x00000000a1700000, 0x00000000a1800000, 0x00000000a1800000|100%|HC|  |TAMS 0x00000000a1800000, 0x00000000a1700000| Complete 
|  24|0x00000000a1800000, 0x00000000a1900000, 0x00000000a1900000|100%|HC|  |TAMS 0x00000000a1900000, 0x00000000a1800000| Complete 
|  25|0x00000000a1900000, 0x00000000a1a00000, 0x00000000a1a00000|100%|HC|  |TAMS 0x00000000a1a00000, 0x00000000a1900000| Complete 
|  26|0x00000000a1a00000, 0x00000000a1b00000, 0x00000000a1b00000|100%| O|  |TAMS 0x00000000a1b00000, 0x00000000a1a00000| Complete 
|  27|0x00000000a1b00000, 0x00000000a1c00000, 0x00000000a1c00000|100%| O|  |TAMS 0x00000000a1c00000, 0x00000000a1b00000| Untracked 
|  28|0x00000000a1c00000, 0x00000000a1d00000, 0x00000000a1d00000|100%| O|  |TAMS 0x00000000a1d00000, 0x00000000a1c00000| Complete 
|  29|0x00000000a1d00000, 0x00000000a1e00000, 0x00000000a1e00000|100%| O|  |TAMS 0x00000000a1e00000, 0x00000000a1d00000| Complete 
|  30|0x00000000a1e00000, 0x00000000a1f00000, 0x00000000a1f00000|100%| O|  |TAMS 0x00000000a1f00000, 0x00000000a1e00000| Untracked 
|  31|0x00000000a1f00000, 0x00000000a2000000, 0x00000000a2000000|100%| O|  |TAMS 0x00000000a2000000, 0x00000000a1f00000| Untracked 
|  32|0x00000000a2000000, 0x00000000a2100000, 0x00000000a2100000|100%| O|  |TAMS 0x00000000a2100000, 0x00000000a2000000| Complete 
|  33|0x00000000a2100000, 0x00000000a2200000, 0x00000000a2200000|100%| O|  |TAMS 0x00000000a2200000, 0x00000000a2100000| Complete 
|  34|0x00000000a2200000, 0x00000000a2300000, 0x00000000a2300000|100%| O|  |TAMS 0x00000000a2300000, 0x00000000a2200000| Complete 
|  35|0x00000000a2300000, 0x00000000a2400000, 0x00000000a2400000|100%| O|  |TAMS 0x00000000a2400000, 0x00000000a2300000| Untracked 
|  36|0x00000000a2400000, 0x00000000a2500000, 0x00000000a2500000|100%| O|  |TAMS 0x00000000a2500000, 0x00000000a2400000| Untracked 
|  37|0x00000000a2500000, 0x00000000a2600000, 0x00000000a2600000|100%| O|  |TAMS 0x00000000a2600000, 0x00000000a2500000| Untracked 
|  38|0x00000000a2600000, 0x00000000a2700000, 0x00000000a2700000|100%|HS|  |TAMS 0x00000000a2700000, 0x00000000a2600000| Complete 
|  39|0x00000000a2700000, 0x00000000a2800000, 0x00000000a2800000|100%|HC|  |TAMS 0x00000000a2800000, 0x00000000a2700000| Complete 
|  40|0x00000000a2800000, 0x00000000a2900000, 0x00000000a2900000|100%| O|  |TAMS 0x00000000a2900000, 0x00000000a2800000| Complete 
|  41|0x00000000a2900000, 0x00000000a2a00000, 0x00000000a2a00000|100%| O|  |TAMS 0x00000000a2a00000, 0x00000000a2900000| Complete 
|  42|0x00000000a2a00000, 0x00000000a2b00000, 0x00000000a2b00000|100%| O|  |TAMS 0x00000000a2b00000, 0x00000000a2a00000| Untracked 
|  43|0x00000000a2b00000, 0x00000000a2c00000, 0x00000000a2c00000|100%| O|  |TAMS 0x00000000a2c00000, 0x00000000a2b00000| Complete 
|  44|0x00000000a2c00000, 0x00000000a2d00000, 0x00000000a2d00000|100%| O|  |TAMS 0x00000000a2d00000, 0x00000000a2c00000| Complete 
|  45|0x00000000a2d00000, 0x00000000a2e00000, 0x00000000a2e00000|100%| O|  |TAMS 0x00000000a2e00000, 0x00000000a2d00000| Untracked 
|  46|0x00000000a2e00000, 0x00000000a2f00000, 0x00000000a2f00000|100%| O|  |TAMS 0x00000000a2f00000, 0x00000000a2e00000| Untracked 
|  47|0x00000000a2f00000, 0x00000000a3000000, 0x00000000a3000000|100%| O|  |TAMS 0x00000000a3000000, 0x00000000a2f00000| Untracked 
|  48|0x00000000a3000000, 0x00000000a3100000, 0x00000000a3100000|100%| O|  |TAMS 0x00000000a3100000, 0x00000000a3000000| Untracked 
|  49|0x00000000a3100000, 0x00000000a3200000, 0x00000000a3200000|100%| O|  |TAMS 0x00000000a3200000, 0x00000000a3100000| Untracked 
|  50|0x00000000a3200000, 0x00000000a3300000, 0x00000000a3300000|100%| O|  |TAMS 0x00000000a3300000, 0x00000000a3200000| Complete 
|  51|0x00000000a3300000, 0x00000000a3400000, 0x00000000a3400000|100%| O|  |TAMS 0x00000000a3400000, 0x00000000a3300000| Untracked 
|  52|0x00000000a3400000, 0x00000000a3500000, 0x00000000a3500000|100%| O|  |TAMS 0x00000000a3500000, 0x00000000a3400000| Untracked 
|  53|0x00000000a3500000, 0x00000000a3600000, 0x00000000a3600000|100%| O|  |TAMS 0x00000000a3600000, 0x00000000a3500000| Untracked 
|  54|0x00000000a3600000, 0x00000000a3700000, 0x00000000a3700000|100%| O|  |TAMS 0x00000000a3700000, 0x00000000a3600000| Untracked 
|  55|0x00000000a3700000, 0x00000000a3800000, 0x00000000a3800000|100%| O|  |TAMS 0x00000000a3800000, 0x00000000a3700000| Untracked 
|  56|0x00000000a3800000, 0x00000000a3900000, 0x00000000a3900000|100%| O|  |TAMS 0x00000000a3900000, 0x00000000a3800000| Untracked 
|  57|0x00000000a3900000, 0x00000000a3a00000, 0x00000000a3a00000|100%| O|  |TAMS 0x00000000a3a00000, 0x00000000a3900000| Untracked 
|  58|0x00000000a3a00000, 0x00000000a3b00000, 0x00000000a3b00000|100%| O|  |TAMS 0x00000000a3b00000, 0x00000000a3a00000| Untracked 
|  59|0x00000000a3b00000, 0x00000000a3c00000, 0x00000000a3c00000|100%| O|  |TAMS 0x00000000a3c00000, 0x00000000a3b00000| Untracked 
|  60|0x00000000a3c00000, 0x00000000a3d00000, 0x00000000a3d00000|100%| O|  |TAMS 0x00000000a3d00000, 0x00000000a3c00000| Untracked 
|  61|0x00000000a3d00000, 0x00000000a3e00000, 0x00000000a3e00000|100%| O|  |TAMS 0x00000000a3e00000, 0x00000000a3d00000| Untracked 
|  62|0x00000000a3e00000, 0x00000000a3f00000, 0x00000000a3f00000|100%| O|  |TAMS 0x00000000a3f00000, 0x00000000a3e00000| Untracked 
|  63|0x00000000a3f00000, 0x00000000a4000000, 0x00000000a4000000|100%| O|  |TAMS 0x00000000a4000000, 0x00000000a3f00000| Complete 
|  64|0x00000000a4000000, 0x00000000a4100000, 0x00000000a4100000|100%| O|  |TAMS 0x00000000a4100000, 0x00000000a4000000| Complete 
|  65|0x00000000a4100000, 0x00000000a4200000, 0x00000000a4200000|100%| O|  |TAMS 0x00000000a4200000, 0x00000000a4100000| Complete 
|  66|0x00000000a4200000, 0x00000000a4300000, 0x00000000a4300000|100%| O|  |TAMS 0x00000000a4300000, 0x00000000a4200000| Complete 
|  67|0x00000000a4300000, 0x00000000a4400000, 0x00000000a4400000|100%| O|  |TAMS 0x00000000a4400000, 0x00000000a4300000| Complete 
|  68|0x00000000a4400000, 0x00000000a4500000, 0x00000000a4500000|100%| O|  |TAMS 0x00000000a4500000, 0x00000000a4400000| Complete 
|  69|0x00000000a4500000, 0x00000000a4600000, 0x00000000a4600000|100%| O|  |TAMS 0x00000000a4600000, 0x00000000a4500000| Untracked 
|  70|0x00000000a4600000, 0x00000000a4700000, 0x00000000a4700000|100%| O|  |TAMS 0x00000000a4700000, 0x00000000a4600000| Complete 
|  71|0x00000000a4700000, 0x00000000a4800000, 0x00000000a4800000|100%| O|  |TAMS 0x00000000a4800000, 0x00000000a4700000| Untracked 
|  72|0x00000000a4800000, 0x00000000a4900000, 0x00000000a4900000|100%| O|  |TAMS 0x00000000a4900000, 0x00000000a4800000| Untracked 
|  73|0x00000000a4900000, 0x00000000a4a00000, 0x00000000a4a00000|100%| O|  |TAMS 0x00000000a4a00000, 0x00000000a4900000| Complete 
|  74|0x00000000a4a00000, 0x00000000a4b00000, 0x00000000a4b00000|100%| O|  |TAMS 0x00000000a4b00000, 0x00000000a4a00000| Untracked 
|  75|0x00000000a4b00000, 0x00000000a4c00000, 0x00000000a4c00000|100%| O|  |TAMS 0x00000000a4c00000, 0x00000000a4b00000| Complete 
|  76|0x00000000a4c00000, 0x00000000a4d00000, 0x00000000a4d00000|100%| O|  |TAMS 0x00000000a4d00000, 0x00000000a4c00000| Complete 
|  77|0x00000000a4d00000, 0x00000000a4e00000, 0x00000000a4e00000|100%| O|  |TAMS 0x00000000a4e00000, 0x00000000a4d00000| Untracked 
|  78|0x00000000a4e00000, 0x00000000a4f00000, 0x00000000a4f00000|100%| O|  |TAMS 0x00000000a4f00000, 0x00000000a4e00000| Complete 
|  79|0x00000000a4f00000, 0x00000000a5000000, 0x00000000a5000000|100%| O|  |TAMS 0x00000000a5000000, 0x00000000a4f00000| Complete 
|  80|0x00000000a5000000, 0x00000000a5100000, 0x00000000a5100000|100%|HS|  |TAMS 0x00000000a5100000, 0x00000000a5000000| Complete 
|  81|0x00000000a5100000, 0x00000000a5200000, 0x00000000a5200000|100%| O|  |TAMS 0x00000000a5200000, 0x00000000a5100000| Untracked 
|  82|0x00000000a5200000, 0x00000000a5300000, 0x00000000a5300000|100%| O|  |TAMS 0x00000000a5300000, 0x00000000a5200000| Complete 
|  83|0x00000000a5300000, 0x00000000a5400000, 0x00000000a5400000|100%| O|  |TAMS 0x00000000a5400000, 0x00000000a5300000| Untracked 
|  84|0x00000000a5400000, 0x00000000a5500000, 0x00000000a5500000|100%| O|  |TAMS 0x00000000a5500000, 0x00000000a5400000| Complete 
|  85|0x00000000a5500000, 0x00000000a5600000, 0x00000000a5600000|100%| O|  |TAMS 0x00000000a5600000, 0x00000000a5500000| Complete 
|  86|0x00000000a5600000, 0x00000000a5700000, 0x00000000a5700000|100%| O|  |TAMS 0x00000000a5700000, 0x00000000a5600000| Complete 
|  87|0x00000000a5700000, 0x00000000a5800000, 0x00000000a5800000|100%| O|  |TAMS 0x00000000a5800000, 0x00000000a5700000| Complete 
|  88|0x00000000a5800000, 0x00000000a5900000, 0x00000000a5900000|100%| O|  |TAMS 0x00000000a5900000, 0x00000000a5800000| Complete 
|  89|0x00000000a5900000, 0x00000000a5a00000, 0x00000000a5a00000|100%| O|  |TAMS 0x00000000a5a00000, 0x00000000a5900000| Complete 
|  90|0x00000000a5a00000, 0x00000000a5b00000, 0x00000000a5b00000|100%|HS|  |TAMS 0x00000000a5b00000, 0x00000000a5a00000| Complete 
|  91|0x00000000a5b00000, 0x00000000a5c00000, 0x00000000a5c00000|100%|HS|  |TAMS 0x00000000a5c00000, 0x00000000a5b00000| Complete 
|  92|0x00000000a5c00000, 0x00000000a5d00000, 0x00000000a5d00000|100%| O|  |TAMS 0x00000000a5d00000, 0x00000000a5c00000| Untracked 
|  93|0x00000000a5d00000, 0x00000000a5e00000, 0x00000000a5e00000|100%| O|  |TAMS 0x00000000a5e00000, 0x00000000a5d00000| Complete 
|  94|0x00000000a5e00000, 0x00000000a5f00000, 0x00000000a5f00000|100%| O|  |TAMS 0x00000000a5f00000, 0x00000000a5e00000| Untracked 
|  95|0x00000000a5f00000, 0x00000000a6000000, 0x00000000a6000000|100%| O|  |TAMS 0x00000000a6000000, 0x00000000a5f00000| Untracked 
|  96|0x00000000a6000000, 0x00000000a6100000, 0x00000000a6100000|100%| O|  |TAMS 0x00000000a6100000, 0x00000000a6000000| Untracked 
|  97|0x00000000a6100000, 0x00000000a6200000, 0x00000000a6200000|100%| O|  |TAMS 0x00000000a6200000, 0x00000000a6100000| Complete 
|  98|0x00000000a6200000, 0x00000000a6300000, 0x00000000a6300000|100%| O|  |TAMS 0x00000000a6300000, 0x00000000a6200000| Complete 
|  99|0x00000000a6300000, 0x00000000a6400000, 0x00000000a6400000|100%| O|  |TAMS 0x00000000a6400000, 0x00000000a6300000| Untracked 
| 100|0x00000000a6400000, 0x00000000a6500000, 0x00000000a6500000|100%| O|  |TAMS 0x00000000a6500000, 0x00000000a6400000| Complete 
| 101|0x00000000a6500000, 0x00000000a6600000, 0x00000000a6600000|100%| O|  |TAMS 0x00000000a6600000, 0x00000000a6500000| Untracked 
| 102|0x00000000a6600000, 0x00000000a6700000, 0x00000000a6700000|100%| O|  |TAMS 0x00000000a6700000, 0x00000000a6600000| Complete 
| 103|0x00000000a6700000, 0x00000000a6800000, 0x00000000a6800000|100%| O|  |TAMS 0x00000000a6800000, 0x00000000a6700000| Complete 
| 104|0x00000000a6800000, 0x00000000a6900000, 0x00000000a6900000|100%| O|  |TAMS 0x00000000a6900000, 0x00000000a6800000| Untracked 
| 105|0x00000000a6900000, 0x00000000a6a00000, 0x00000000a6a00000|100%| O|  |TAMS 0x00000000a6a00000, 0x00000000a6900000| Untracked 
| 106|0x00000000a6a00000, 0x00000000a6b00000, 0x00000000a6b00000|100%| O|  |TAMS 0x00000000a6b00000, 0x00000000a6a00000| Untracked 
| 107|0x00000000a6b00000, 0x00000000a6c00000, 0x00000000a6c00000|100%| O|  |TAMS 0x00000000a6c00000, 0x00000000a6b00000| Untracked 
| 108|0x00000000a6c00000, 0x00000000a6d00000, 0x00000000a6d00000|100%| O|  |TAMS 0x00000000a6d00000, 0x00000000a6c00000| Untracked 
| 109|0x00000000a6d00000, 0x00000000a6e00000, 0x00000000a6e00000|100%| O|  |TAMS 0x00000000a6e00000, 0x00000000a6d00000| Complete 
| 110|0x00000000a6e00000, 0x00000000a6f00000, 0x00000000a6f00000|100%| O|  |TAMS 0x00000000a6f00000, 0x00000000a6e00000| Complete 
| 111|0x00000000a6f00000, 0x00000000a7000000, 0x00000000a7000000|100%| O|  |TAMS 0x00000000a7000000, 0x00000000a6f00000| Untracked 
| 112|0x00000000a7000000, 0x00000000a7049a00, 0x00000000a7100000| 28%| O|  |TAMS 0x00000000a7049a00, 0x00000000a7000000| Untracked 
| 113|0x00000000a7100000, 0x00000000a7200000, 0x00000000a7200000|100%| O|  |TAMS 0x00000000a7200000, 0x00000000a7100000| Untracked 
| 114|0x00000000a7200000, 0x00000000a7300000, 0x00000000a7300000|100%| O|  |TAMS 0x00000000a7300000, 0x00000000a7200000| Untracked 
| 115|0x00000000a7300000, 0x00000000a7400000, 0x00000000a7400000|100%| O|  |TAMS 0x00000000a7400000, 0x00000000a7300000| Complete 
| 116|0x00000000a7400000, 0x00000000a7500000, 0x00000000a7500000|100%|HS|  |TAMS 0x00000000a7500000, 0x00000000a7400000| Complete 
| 117|0x00000000a7500000, 0x00000000a7600000, 0x00000000a7600000|100%|HC|  |TAMS 0x00000000a7600000, 0x00000000a7500000| Complete 
| 118|0x00000000a7600000, 0x00000000a7700000, 0x00000000a7700000|100%|HC|  |TAMS 0x00000000a7700000, 0x00000000a7600000| Complete 
| 119|0x00000000a7700000, 0x00000000a7800000, 0x00000000a7800000|100%|HC|  |TAMS 0x00000000a7800000, 0x00000000a7700000| Complete 
| 120|0x00000000a7800000, 0x00000000a7900000, 0x00000000a7900000|100%|HC|  |TAMS 0x00000000a7900000, 0x00000000a7800000| Complete 
| 121|0x00000000a7900000, 0x00000000a7a00000, 0x00000000a7a00000|100%|HC|  |TAMS 0x00000000a7a00000, 0x00000000a7900000| Complete 
| 122|0x00000000a7a00000, 0x00000000a7b00000, 0x00000000a7b00000|100%|HC|  |TAMS 0x00000000a7b00000, 0x00000000a7a00000| Complete 
| 123|0x00000000a7b00000, 0x00000000a7c00000, 0x00000000a7c00000|100%|HC|  |TAMS 0x00000000a7c00000, 0x00000000a7b00000| Complete 
| 124|0x00000000a7c00000, 0x00000000a7d00000, 0x00000000a7d00000|100%|HC|  |TAMS 0x00000000a7d00000, 0x00000000a7c00000| Complete 
| 125|0x00000000a7d00000, 0x00000000a7e00000, 0x00000000a7e00000|100%| O|  |TAMS 0x00000000a7e00000, 0x00000000a7d00000| Complete 
| 126|0x00000000a7e00000, 0x00000000a7f00000, 0x00000000a7f00000|100%| O|  |TAMS 0x00000000a7f00000, 0x00000000a7e00000| Untracked 
| 127|0x00000000a7f00000, 0x00000000a8000000, 0x00000000a8000000|100%| O|  |TAMS 0x00000000a8000000, 0x00000000a7f00000| Complete 
| 128|0x00000000a8000000, 0x00000000a8100000, 0x00000000a8100000|100%| O|  |TAMS 0x00000000a8100000, 0x00000000a8000000| Untracked 
| 129|0x00000000a8100000, 0x00000000a8200000, 0x00000000a8200000|100%| O|  |TAMS 0x00000000a8200000, 0x00000000a8100000| Untracked 
| 130|0x00000000a8200000, 0x00000000a8300000, 0x00000000a8300000|100%| O|  |TAMS 0x00000000a8300000, 0x00000000a8200000| Untracked 
| 131|0x00000000a8300000, 0x00000000a8400000, 0x00000000a8400000|100%| O|  |TAMS 0x00000000a8400000, 0x00000000a8300000| Complete 
| 132|0x00000000a8400000, 0x00000000a8500000, 0x00000000a8500000|100%| O|  |TAMS 0x00000000a8500000, 0x00000000a8400000| Untracked 
| 133|0x00000000a8500000, 0x00000000a8600000, 0x00000000a8600000|100%| O|  |TAMS 0x00000000a8600000, 0x00000000a8500000| Untracked 
| 134|0x00000000a8600000, 0x00000000a8700000, 0x00000000a8700000|100%| O|  |TAMS 0x00000000a8700000, 0x00000000a8600000| Complete 
| 135|0x00000000a8700000, 0x00000000a8800000, 0x00000000a8800000|100%|HS|  |TAMS 0x00000000a8700000, 0x00000000a8700000| Complete 
| 136|0x00000000a8800000, 0x00000000a8900000, 0x00000000a8900000|100%| O|  |TAMS 0x00000000a8900000, 0x00000000a8800000| Untracked 
| 137|0x00000000a8900000, 0x00000000a8a00000, 0x00000000a8a00000|100%| O|  |TAMS 0x00000000a8a00000, 0x00000000a8900000| Untracked 
| 138|0x00000000a8a00000, 0x00000000a8b00000, 0x00000000a8b00000|100%| O|  |TAMS 0x00000000a8b00000, 0x00000000a8a00000| Untracked 
| 139|0x00000000a8b00000, 0x00000000a8c00000, 0x00000000a8c00000|100%| O|  |TAMS 0x00000000a8c00000, 0x00000000a8b00000| Untracked 
| 140|0x00000000a8c00000, 0x00000000a8d00000, 0x00000000a8d00000|100%| O|  |TAMS 0x00000000a8d00000, 0x00000000a8c00000| Complete 
| 141|0x00000000a8d00000, 0x00000000a8e00000, 0x00000000a8e00000|100%| O|  |TAMS 0x00000000a8e00000, 0x00000000a8d00000| Untracked 
| 142|0x00000000a8e00000, 0x00000000a8f00000, 0x00000000a8f00000|100%| O|  |TAMS 0x00000000a8f00000, 0x00000000a8e00000| Untracked 
| 143|0x00000000a8f00000, 0x00000000a9000000, 0x00000000a9000000|100%| O|  |TAMS 0x00000000a9000000, 0x00000000a8f00000| Untracked 
| 144|0x00000000a9000000, 0x00000000a9100000, 0x00000000a9100000|100%| O|  |TAMS 0x00000000a9100000, 0x00000000a9000000| Untracked 
| 145|0x00000000a9100000, 0x00000000a9200000, 0x00000000a9200000|100%| O|  |TAMS 0x00000000a9200000, 0x00000000a9100000| Untracked 
| 146|0x00000000a9200000, 0x00000000a9300000, 0x00000000a9300000|100%|HS|  |TAMS 0x00000000a9200000, 0x00000000a9200000| Complete 
| 147|0x00000000a9300000, 0x00000000a9400000, 0x00000000a9400000|100%|HS|  |TAMS 0x00000000a9300000, 0x00000000a9300000| Complete 
| 148|0x00000000a9400000, 0x00000000a9500000, 0x00000000a9500000|100%| O|  |TAMS 0x00000000a9500000, 0x00000000a9400000| Untracked 
| 149|0x00000000a9500000, 0x00000000a9600000, 0x00000000a9600000|100%| O|  |TAMS 0x00000000a9600000, 0x00000000a9500000| Untracked 
| 150|0x00000000a9600000, 0x00000000a9700000, 0x00000000a9700000|100%| O|  |TAMS 0x00000000a9700000, 0x00000000a9600000| Untracked 
| 151|0x00000000a9700000, 0x00000000a9800000, 0x00000000a9800000|100%| O|  |TAMS 0x00000000a9800000, 0x00000000a9700000| Untracked 
| 152|0x00000000a9800000, 0x00000000a9900000, 0x00000000a9900000|100%|HS|  |TAMS 0x00000000a9800000, 0x00000000a9800000| Complete 
| 153|0x00000000a9900000, 0x00000000a9a00000, 0x00000000a9a00000|100%| O|  |TAMS 0x00000000a9a00000, 0x00000000a9900000| Complete 
| 154|0x00000000a9a00000, 0x00000000a9b00000, 0x00000000a9b00000|100%| O|  |TAMS 0x00000000a9b00000, 0x00000000a9a00000| Complete 
| 155|0x00000000a9b00000, 0x00000000a9c00000, 0x00000000a9c00000|100%| O|  |TAMS 0x00000000a9c00000, 0x00000000a9b00000| Untracked 
| 156|0x00000000a9c00000, 0x00000000a9d00000, 0x00000000a9d00000|100%| O|  |TAMS 0x00000000a9d00000, 0x00000000a9c00000| Complete 
| 157|0x00000000a9d00000, 0x00000000a9e00000, 0x00000000a9e00000|100%| O|  |TAMS 0x00000000a9e00000, 0x00000000a9d00000| Untracked 
| 158|0x00000000a9e00000, 0x00000000a9f00000, 0x00000000a9f00000|100%| O|  |TAMS 0x00000000a9f00000, 0x00000000a9e00000| Untracked 
| 159|0x00000000a9f00000, 0x00000000aa000000, 0x00000000aa000000|100%| O|  |TAMS 0x00000000aa000000, 0x00000000a9f00000| Untracked 
| 160|0x00000000aa000000, 0x00000000aa100000, 0x00000000aa100000|100%| O|  |TAMS 0x00000000aa100000, 0x00000000aa000000| Complete 
| 161|0x00000000aa100000, 0x00000000aa200000, 0x00000000aa200000|100%| O|  |TAMS 0x00000000aa200000, 0x00000000aa100000| Complete 
| 162|0x00000000aa200000, 0x00000000aa300000, 0x00000000aa300000|100%| O|  |TAMS 0x00000000aa300000, 0x00000000aa200000| Untracked 
| 163|0x00000000aa300000, 0x00000000aa400000, 0x00000000aa400000|100%|HS|  |TAMS 0x00000000aa300000, 0x00000000aa300000| Complete 
| 164|0x00000000aa400000, 0x00000000aa500000, 0x00000000aa500000|100%| O|  |TAMS 0x00000000aa500000, 0x00000000aa400000| Untracked 
| 165|0x00000000aa500000, 0x00000000aa600000, 0x00000000aa600000|100%| O|  |TAMS 0x00000000aa600000, 0x00000000aa500000| Untracked 
| 166|0x00000000aa600000, 0x00000000aa700000, 0x00000000aa700000|100%| O|  |TAMS 0x00000000aa700000, 0x00000000aa600000| Untracked 
| 167|0x00000000aa700000, 0x00000000aa800000, 0x00000000aa800000|100%| O|  |TAMS 0x00000000aa800000, 0x00000000aa700000| Untracked 
| 168|0x00000000aa800000, 0x00000000aa900000, 0x00000000aa900000|100%| O|  |TAMS 0x00000000aa900000, 0x00000000aa800000| Untracked 
| 169|0x00000000aa900000, 0x00000000aaa00000, 0x00000000aaa00000|100%| O|  |TAMS 0x00000000aaa00000, 0x00000000aa900000| Complete 
| 170|0x00000000aaa00000, 0x00000000aab00000, 0x00000000aab00000|100%| O|  |TAMS 0x00000000aab00000, 0x00000000aaa00000| Untracked 
| 171|0x00000000aab00000, 0x00000000aac00000, 0x00000000aac00000|100%| O|  |TAMS 0x00000000aac00000, 0x00000000aab00000| Untracked 
| 172|0x00000000aac00000, 0x00000000aad00000, 0x00000000aad00000|100%| O|  |TAMS 0x00000000aad00000, 0x00000000aac00000| Untracked 
| 173|0x00000000aad00000, 0x00000000aae00000, 0x00000000aae00000|100%|HS|  |TAMS 0x00000000aad00000, 0x00000000aad00000| Complete 
| 174|0x00000000aae00000, 0x00000000aaf00000, 0x00000000aaf00000|100%|HC|  |TAMS 0x00000000aae00000, 0x00000000aae00000| Complete 
| 175|0x00000000aaf00000, 0x00000000ab000000, 0x00000000ab000000|100%| O|  |TAMS 0x00000000ab000000, 0x00000000aaf00000| Untracked 
| 176|0x00000000ab000000, 0x00000000ab100000, 0x00000000ab100000|100%| O|  |TAMS 0x00000000ab100000, 0x00000000ab000000| Complete 
| 177|0x00000000ab100000, 0x00000000ab200000, 0x00000000ab200000|100%| O|  |TAMS 0x00000000ab200000, 0x00000000ab100000| Complete 
| 178|0x00000000ab200000, 0x00000000ab300000, 0x00000000ab300000|100%|HS|  |TAMS 0x00000000ab300000, 0x00000000ab200000| Complete 
| 179|0x00000000ab300000, 0x00000000ab400000, 0x00000000ab400000|100%| O|  |TAMS 0x00000000ab400000, 0x00000000ab300000| Untracked 
| 180|0x00000000ab400000, 0x00000000ab500000, 0x00000000ab500000|100%| O|  |TAMS 0x00000000ab500000, 0x00000000ab400000| Untracked 
| 181|0x00000000ab500000, 0x00000000ab600000, 0x00000000ab600000|100%| O|  |TAMS 0x00000000ab600000, 0x00000000ab500000| Untracked 
| 182|0x00000000ab600000, 0x00000000ab700000, 0x00000000ab700000|100%| O|  |TAMS 0x00000000ab700000, 0x00000000ab600000| Untracked 
| 183|0x00000000ab700000, 0x00000000ab800000, 0x00000000ab800000|100%| O|  |TAMS 0x00000000ab800000, 0x00000000ab700000| Complete 
| 184|0x00000000ab800000, 0x00000000ab900000, 0x00000000ab900000|100%| O|  |TAMS 0x00000000ab900000, 0x00000000ab800000| Untracked 
| 185|0x00000000ab900000, 0x00000000aba00000, 0x00000000aba00000|100%| O|  |TAMS 0x00000000aba00000, 0x00000000ab900000| Untracked 
| 186|0x00000000aba00000, 0x00000000abb00000, 0x00000000abb00000|100%| O|  |TAMS 0x00000000abb00000, 0x00000000aba00000| Untracked 
| 187|0x00000000abb00000, 0x00000000abc00000, 0x00000000abc00000|100%| O|  |TAMS 0x00000000abc00000, 0x00000000abb00000| Untracked 
| 188|0x00000000abc00000, 0x00000000abd00000, 0x00000000abd00000|100%| O|  |TAMS 0x00000000abd00000, 0x00000000abc00000| Untracked 
| 189|0x00000000abd00000, 0x00000000abe00000, 0x00000000abe00000|100%| O|  |TAMS 0x00000000abe00000, 0x00000000abd00000| Complete 
| 190|0x00000000abe00000, 0x00000000abf00000, 0x00000000abf00000|100%|HS|  |TAMS 0x00000000abe00000, 0x00000000abe00000| Complete 
| 191|0x00000000abf00000, 0x00000000ac000000, 0x00000000ac000000|100%|HC|  |TAMS 0x00000000abf00000, 0x00000000abf00000| Complete 
| 192|0x00000000ac000000, 0x00000000ac100000, 0x00000000ac100000|100%|HS|  |TAMS 0x00000000ac000000, 0x00000000ac000000| Complete 
| 193|0x00000000ac100000, 0x00000000ac200000, 0x00000000ac200000|100%|HC|  |TAMS 0x00000000ac100000, 0x00000000ac100000| Complete 
| 194|0x00000000ac200000, 0x00000000ac300000, 0x00000000ac300000|100%|HS|  |TAMS 0x00000000ac200000, 0x00000000ac200000| Complete 
| 195|0x00000000ac300000, 0x00000000ac400000, 0x00000000ac400000|100%|HS|  |TAMS 0x00000000ac300000, 0x00000000ac300000| Complete 
| 196|0x00000000ac400000, 0x00000000ac500000, 0x00000000ac500000|100%|HS|  |TAMS 0x00000000ac400000, 0x00000000ac400000| Complete 
| 197|0x00000000ac500000, 0x00000000ac600000, 0x00000000ac600000|100%|HS|  |TAMS 0x00000000ac500000, 0x00000000ac500000| Complete 
| 198|0x00000000ac600000, 0x00000000ac700000, 0x00000000ac700000|100%|HC|  |TAMS 0x00000000ac600000, 0x00000000ac600000| Complete 
| 199|0x00000000ac700000, 0x00000000ac700000, 0x00000000ac800000|  0%| F|  |TAMS 0x00000000ac700000, 0x00000000ac700000| Untracked 
| 200|0x00000000ac800000, 0x00000000ac800000, 0x00000000ac900000|  0%| F|  |TAMS 0x00000000ac800000, 0x00000000ac800000| Untracked 
| 201|0x00000000ac900000, 0x00000000ac900000, 0x00000000aca00000|  0%| F|  |TAMS 0x00000000ac900000, 0x00000000ac900000| Untracked 
| 202|0x00000000aca00000, 0x00000000aca00000, 0x00000000acb00000|  0%| F|  |TAMS 0x00000000aca00000, 0x00000000aca00000| Untracked 
| 203|0x00000000acb00000, 0x00000000acb00000, 0x00000000acc00000|  0%| F|  |TAMS 0x00000000acb00000, 0x00000000acb00000| Untracked 
| 204|0x00000000acc00000, 0x00000000acc00000, 0x00000000acd00000|  0%| F|  |TAMS 0x00000000acc00000, 0x00000000acc00000| Untracked 
| 205|0x00000000acd00000, 0x00000000acd00000, 0x00000000ace00000|  0%| F|  |TAMS 0x00000000acd00000, 0x00000000acd00000| Untracked 
| 206|0x00000000ace00000, 0x00000000ace00000, 0x00000000acf00000|  0%| F|  |TAMS 0x00000000ace00000, 0x00000000ace00000| Untracked 
| 207|0x00000000acf00000, 0x00000000acf00000, 0x00000000ad000000|  0%| F|  |TAMS 0x00000000acf00000, 0x00000000acf00000| Untracked 
| 208|0x00000000ad000000, 0x00000000ad000000, 0x00000000ad100000|  0%| F|  |TAMS 0x00000000ad000000, 0x00000000ad000000| Untracked 
| 209|0x00000000ad100000, 0x00000000ad100000, 0x00000000ad200000|  0%| F|  |TAMS 0x00000000ad100000, 0x00000000ad100000| Untracked 
| 210|0x00000000ad200000, 0x00000000ad200000, 0x00000000ad300000|  0%| F|  |TAMS 0x00000000ad200000, 0x00000000ad200000| Untracked 
| 211|0x00000000ad300000, 0x00000000ad300000, 0x00000000ad400000|  0%| F|  |TAMS 0x00000000ad300000, 0x00000000ad300000| Untracked 
| 212|0x00000000ad400000, 0x00000000ad400000, 0x00000000ad500000|  0%| F|  |TAMS 0x00000000ad400000, 0x00000000ad400000| Untracked 
| 213|0x00000000ad500000, 0x00000000ad500000, 0x00000000ad600000|  0%| F|  |TAMS 0x00000000ad500000, 0x00000000ad500000| Untracked 
| 214|0x00000000ad600000, 0x00000000ad600000, 0x00000000ad700000|  0%| F|  |TAMS 0x00000000ad600000, 0x00000000ad600000| Untracked 
| 215|0x00000000ad700000, 0x00000000ad700000, 0x00000000ad800000|  0%| F|  |TAMS 0x00000000ad700000, 0x00000000ad700000| Untracked 
| 216|0x00000000ad800000, 0x00000000ad800000, 0x00000000ad900000|  0%| F|  |TAMS 0x00000000ad800000, 0x00000000ad800000| Untracked 
| 217|0x00000000ad900000, 0x00000000ad900000, 0x00000000ada00000|  0%| F|  |TAMS 0x00000000ad900000, 0x00000000ad900000| Untracked 
| 218|0x00000000ada00000, 0x00000000ada00000, 0x00000000adb00000|  0%| F|  |TAMS 0x00000000ada00000, 0x00000000ada00000| Untracked 
| 219|0x00000000adb00000, 0x00000000adb00000, 0x00000000adc00000|  0%| F|  |TAMS 0x00000000adb00000, 0x00000000adb00000| Untracked 
| 220|0x00000000adc00000, 0x00000000adc00000, 0x00000000add00000|  0%| F|  |TAMS 0x00000000adc00000, 0x00000000adc00000| Untracked 
| 221|0x00000000add00000, 0x00000000add00000, 0x00000000ade00000|  0%| F|  |TAMS 0x00000000add00000, 0x00000000add00000| Untracked 
| 222|0x00000000ade00000, 0x00000000ade00000, 0x00000000adf00000|  0%| F|  |TAMS 0x00000000ade00000, 0x00000000ade00000| Untracked 
| 223|0x00000000adf00000, 0x00000000adf00000, 0x00000000ae000000|  0%| F|  |TAMS 0x00000000adf00000, 0x00000000adf00000| Untracked 
| 224|0x00000000ae000000, 0x00000000ae000000, 0x00000000ae100000|  0%| F|  |TAMS 0x00000000ae000000, 0x00000000ae000000| Untracked 
| 225|0x00000000ae100000, 0x00000000ae100000, 0x00000000ae200000|  0%| F|  |TAMS 0x00000000ae100000, 0x00000000ae100000| Untracked 
| 226|0x00000000ae200000, 0x00000000ae200000, 0x00000000ae300000|  0%| F|  |TAMS 0x00000000ae200000, 0x00000000ae200000| Untracked 
| 227|0x00000000ae300000, 0x00000000ae300000, 0x00000000ae400000|  0%| F|  |TAMS 0x00000000ae300000, 0x00000000ae300000| Untracked 
| 228|0x00000000ae400000, 0x00000000ae400000, 0x00000000ae500000|  0%| F|  |TAMS 0x00000000ae400000, 0x00000000ae400000| Untracked 
| 229|0x00000000ae500000, 0x00000000ae500000, 0x00000000ae600000|  0%| F|  |TAMS 0x00000000ae500000, 0x00000000ae500000| Untracked 
| 230|0x00000000ae600000, 0x00000000ae600000, 0x00000000ae700000|  0%| F|  |TAMS 0x00000000ae600000, 0x00000000ae600000| Untracked 
| 231|0x00000000ae700000, 0x00000000ae700000, 0x00000000ae800000|  0%| F|  |TAMS 0x00000000ae700000, 0x00000000ae700000| Untracked 
| 232|0x00000000ae800000, 0x00000000ae800000, 0x00000000ae900000|  0%| F|  |TAMS 0x00000000ae800000, 0x00000000ae800000| Untracked 
| 233|0x00000000ae900000, 0x00000000ae900000, 0x00000000aea00000|  0%| F|  |TAMS 0x00000000ae900000, 0x00000000ae900000| Untracked 
| 234|0x00000000aea00000, 0x00000000aea00000, 0x00000000aeb00000|  0%| F|  |TAMS 0x00000000aea00000, 0x00000000aea00000| Untracked 
| 235|0x00000000aeb00000, 0x00000000aeb00000, 0x00000000aec00000|  0%| F|  |TAMS 0x00000000aeb00000, 0x00000000aeb00000| Untracked 
| 236|0x00000000aec00000, 0x00000000aec00000, 0x00000000aed00000|  0%| F|  |TAMS 0x00000000aec00000, 0x00000000aec00000| Untracked 
| 237|0x00000000aed00000, 0x00000000aed00000, 0x00000000aee00000|  0%| F|  |TAMS 0x00000000aed00000, 0x00000000aed00000| Untracked 
| 238|0x00000000aee00000, 0x00000000aee00000, 0x00000000aef00000|  0%| F|  |TAMS 0x00000000aee00000, 0x00000000aee00000| Untracked 
| 239|0x00000000aef00000, 0x00000000aef00000, 0x00000000af000000|  0%| F|  |TAMS 0x00000000aef00000, 0x00000000aef00000| Untracked 
| 240|0x00000000af000000, 0x00000000af000000, 0x00000000af100000|  0%| F|  |TAMS 0x00000000af000000, 0x00000000af000000| Untracked 
| 241|0x00000000af100000, 0x00000000af100000, 0x00000000af200000|  0%| F|  |TAMS 0x00000000af100000, 0x00000000af100000| Untracked 
| 242|0x00000000af200000, 0x00000000af200000, 0x00000000af300000|  0%| F|  |TAMS 0x00000000af200000, 0x00000000af200000| Untracked 
| 243|0x00000000af300000, 0x00000000af300000, 0x00000000af400000|  0%| F|  |TAMS 0x00000000af300000, 0x00000000af300000| Untracked 
| 244|0x00000000af400000, 0x00000000af400000, 0x00000000af500000|  0%| F|  |TAMS 0x00000000af400000, 0x00000000af400000| Untracked 
| 245|0x00000000af500000, 0x00000000af500000, 0x00000000af600000|  0%| F|  |TAMS 0x00000000af500000, 0x00000000af500000| Untracked 
| 246|0x00000000af600000, 0x00000000af600000, 0x00000000af700000|  0%| F|  |TAMS 0x00000000af600000, 0x00000000af600000| Untracked 
| 247|0x00000000af700000, 0x00000000af700000, 0x00000000af800000|  0%| F|  |TAMS 0x00000000af700000, 0x00000000af700000| Untracked 
| 248|0x00000000af800000, 0x00000000af800000, 0x00000000af900000|  0%| F|  |TAMS 0x00000000af800000, 0x00000000af800000| Untracked 
| 249|0x00000000af900000, 0x00000000af900000, 0x00000000afa00000|  0%| F|  |TAMS 0x00000000af900000, 0x00000000af900000| Untracked 
| 250|0x00000000afa00000, 0x00000000afa00000, 0x00000000afb00000|  0%| F|  |TAMS 0x00000000afa00000, 0x00000000afa00000| Untracked 
| 251|0x00000000afb00000, 0x00000000afb10010, 0x00000000afc00000|  6%| E|  |TAMS 0x00000000afb00000, 0x00000000afb00000| Complete 
| 252|0x00000000afc00000, 0x00000000afcf55b8, 0x00000000afd00000| 95%| E|  |TAMS 0x00000000afc00000, 0x00000000afc00000| Complete 
| 253|0x00000000afd00000, 0x00000000afe00000, 0x00000000afe00000|100%| E|CS|TAMS 0x00000000afd00000, 0x00000000afd00000| Complete 
| 254|0x00000000afe00000, 0x00000000aff00000, 0x00000000aff00000|100%| E|CS|TAMS 0x00000000afe00000, 0x00000000afe00000| Complete 
| 255|0x00000000aff00000, 0x00000000b0000000, 0x00000000b0000000|100%| E|CS|TAMS 0x00000000aff00000, 0x00000000aff00000| Complete 
| 256|0x00000000b0000000, 0x00000000b0100000, 0x00000000b0100000|100%| E|CS|TAMS 0x00000000b0000000, 0x00000000b0000000| Complete 
| 257|0x00000000b0100000, 0x00000000b0200000, 0x00000000b0200000|100%| E|CS|TAMS 0x00000000b0100000, 0x00000000b0100000| Complete 
| 258|0x00000000b0200000, 0x00000000b0300000, 0x00000000b0300000|100%| E|CS|TAMS 0x00000000b0200000, 0x00000000b0200000| Complete 
| 259|0x00000000b0300000, 0x00000000b0400000, 0x00000000b0400000|100%| E|CS|TAMS 0x00000000b0300000, 0x00000000b0300000| Complete 
| 260|0x00000000b0400000, 0x00000000b0500000, 0x00000000b0500000|100%| E|CS|TAMS 0x00000000b0400000, 0x00000000b0400000| Complete 
| 261|0x00000000b0500000, 0x00000000b0600000, 0x00000000b0600000|100%| E|CS|TAMS 0x00000000b0500000, 0x00000000b0500000| Complete 
| 262|0x00000000b0600000, 0x00000000b0700000, 0x00000000b0700000|100%| E|CS|TAMS 0x00000000b0600000, 0x00000000b0600000| Complete 
| 263|0x00000000b0700000, 0x00000000b0800000, 0x00000000b0800000|100%| E|CS|TAMS 0x00000000b0700000, 0x00000000b0700000| Complete 
| 264|0x00000000b0800000, 0x00000000b0900000, 0x00000000b0900000|100%| E|CS|TAMS 0x00000000b0800000, 0x00000000b0800000| Complete 
| 265|0x00000000b0900000, 0x00000000b0a00000, 0x00000000b0a00000|100%| E|CS|TAMS 0x00000000b0900000, 0x00000000b0900000| Complete 
| 266|0x00000000b0a00000, 0x00000000b0ac9260, 0x00000000b0b00000| 78%| S|CS|TAMS 0x00000000b0a00000, 0x00000000b0a00000| Complete 
| 267|0x00000000b0b00000, 0x00000000b0c00000, 0x00000000b0c00000|100%| E|CS|TAMS 0x00000000b0b00000, 0x00000000b0b00000| Complete 
| 268|0x00000000b0c00000, 0x00000000b0d00000, 0x00000000b0d00000|100%| E|CS|TAMS 0x00000000b0c00000, 0x00000000b0c00000| Complete 

Card table byte_map: [0x0000026fe0340000,0x0000026fe0640000] _byte_map_base: 0x0000026fdfe40000

Marking Bits (Prev, Next): (CMBitMap*) 0x0000026fc8a10d18, (CMBitMap*) 0x0000026fc8a10d50
 Prev Bits: [0x0000026fe0940000, 0x0000026fe2140000)
 Next Bits: [0x0000026fe2140000, 0x0000026fe3940000)

Polling page: 0x0000026fc81c0000

Metaspace:

Usage:
  Non-class:    104.47 MB capacity,   102.82 MB ( 98%) used,     1.35 MB (  1%) free+waste,   306.19 KB ( <1%) overhead. 
      Class:     15.14 MB capacity,    14.23 MB ( 94%) used,   802.63 KB (  5%) free+waste,   129.94 KB ( <1%) overhead. 
       Both:    119.61 MB capacity,   117.05 MB ( 98%) used,     2.14 MB (  2%) free+waste,   436.13 KB ( <1%) overhead. 

Virtual space:
  Non-class space:      106.00 MB reserved,     104.70 MB ( 99%) committed 
      Class space:        1.00 GB reserved,      15.25 MB (  1%) committed 
             Both:        1.10 GB reserved,     119.95 MB ( 11%) committed 

Chunk freelists:
   Non-Class:  13.38 KB
       Class:  9.63 KB
        Both:  23.00 KB

CodeHeap 'non-profiled nmethods': size=120000Kb used=17846Kb max_used=17846Kb free=102153Kb
 bounds [0x0000026fd87e0000, 0x0000026fd9950000, 0x0000026fdfd10000]
CodeHeap 'profiled nmethods': size=120000Kb used=44562Kb max_used=44562Kb free=75437Kb
 bounds [0x0000026fd12b0000, 0x0000026fd3e60000, 0x0000026fd87e0000]
CodeHeap 'non-nmethods': size=5760Kb used=2351Kb max_used=2414Kb free=3408Kb
 bounds [0x0000026fd0d10000, 0x0000026fd0f80000, 0x0000026fd12b0000]
 total_blobs=30572 nmethods=19465 adapters=874
 compilation: enabled
              stopped_count=0, restarted_count=0
 full_count=0

Compilation events (10 events):
Event: 8850.971 Thread 0x0000026fe6c9e000 nmethod 22633% 0x0000026fd993fb90 code [0x0000026fd993fd40, 0x0000026fd99401b8]
Event: 8850.971 Thread 0x0000026fe6c9e000 22625       4       com.android.tools.r8.graph.T::compareTo (12 bytes)
Event: 8850.972 Thread 0x0000026fe6c9e000 nmethod 22625 0x0000026fd9940490 code [0x0000026fd9940620, 0x0000026fd99406d8]
Event: 8850.972 Thread 0x0000026fe6c9e000 22632       4       com.android.tools.r8.graph.b0::compareTo (12 bytes)
Event: 8850.973 Thread 0x0000026fe6c9e000 nmethod 22632 0x0000026fd9940790 code [0x0000026fd9940920, 0x0000026fd99409d8]
Event: 8850.973 Thread 0x0000026fe6c9e000 22614       4       com.android.tools.r8.graph.a0$$Lambda$1252/0x00000001001f4c40::apply (8 bytes)
Event: 8850.974 Thread 0x0000026fe6c9e000 nmethod 22614 0x0000026fd9940a90 code [0x0000026fd9940c20, 0x0000026fd9940cb8]
Event: 8850.974 Thread 0x0000026fe6c9e000 22608       4       com.android.tools.r8.dex.b$b::a (6 bytes)
Event: 8850.986 Thread 0x0000026fe6c9e000 nmethod 22608 0x0000026fd9940d90 code [0x0000026fd9940f80, 0x0000026fd9941550]
Event: 8850.986 Thread 0x0000026fe6c9e000 22610       4       com.android.tools.r8.graph.x::collectMixedSectionItems (15 bytes)

GC Heap History (10 events):
Event: 8848.853 GC heap before
{Heap before GC invocations=131 (full 0):
 garbage-first heap   total 229376K, used 188416K [0x00000000a0000000, 0x0000000100000000)
  region size 1024K, 11 young (11264K), 3 survivors (3072K)
 Metaspace       used 119778K, capacity 122414K, committed 122828K, reserved 1157120K
  class space    used 14574K, capacity 15507K, committed 15616K, reserved 1048576K
}
Event: 8848.871 GC heap after
{Heap after GC invocations=132 (full 0):
 garbage-first heap   total 229376K, used 182709K [0x00000000a0000000, 0x0000000100000000)
  region size 1024K, 2 young (2048K), 2 survivors (2048K)
 Metaspace       used 119778K, capacity 122414K, committed 122828K, reserved 1157120K
  class space    used 14574K, capacity 15507K, committed 15616K, reserved 1048576K
}
Event: 8848.933 GC heap before
{Heap before GC invocations=132 (full 0):
 garbage-first heap   total 229376K, used 186805K [0x00000000a0000000, 0x0000000100000000)
  region size 1024K, 7 young (7168K), 2 survivors (2048K)
 Metaspace       used 119780K, capacity 122414K, committed 122828K, reserved 1157120K
  class space    used 14574K, capacity 15507K, committed 15616K, reserved 1048576K
}
Event: 8848.945 GC heap after
{Heap after GC invocations=133 (full 0):
 garbage-first heap   total 275456K, used 185344K [0x00000000a0000000, 0x0000000100000000)
  region size 1024K, 2 young (2048K), 2 survivors (2048K)
 Metaspace       used 119780K, capacity 122414K, committed 122828K, reserved 1157120K
  class space    used 14574K, capacity 15507K, committed 15616K, reserved 1048576K
}
Event: 8849.828 GC heap before
{Heap before GC invocations=134 (full 0):
 garbage-first heap   total 275456K, used 195584K [0x00000000a0000000, 0x0000000100000000)
  region size 1024K, 23 young (23552K), 2 survivors (2048K)
 Metaspace       used 119829K, capacity 122479K, committed 122828K, reserved 1157120K
  class space    used 14574K, capacity 15507K, committed 15616K, reserved 1048576K
}
Event: 8849.852 GC heap after
{Heap after GC invocations=135 (full 0):
 garbage-first heap   total 275456K, used 183689K [0x00000000a0000000, 0x0000000100000000)
  region size 1024K, 3 young (3072K), 3 survivors (3072K)
 Metaspace       used 119829K, capacity 122479K, committed 122828K, reserved 1157120K
  class space    used 14574K, capacity 15507K, committed 15616K, reserved 1048576K
}
Event: 8850.188 GC heap before
{Heap before GC invocations=135 (full 0):
 garbage-first heap   total 275456K, used 195977K [0x00000000a0000000, 0x0000000100000000)
  region size 1024K, 13 young (13312K), 3 survivors (3072K)
 Metaspace       used 119834K, capacity 122479K, committed 122828K, reserved 1157120K
  class space    used 14574K, capacity 15507K, committed 15616K, reserved 1048576K
}
Event: 8850.217 GC heap after
{Heap after GC invocations=136 (full 0):
 garbage-first heap   total 275456K, used 185970K [0x00000000a0000000, 0x0000000100000000)
  region size 1024K, 2 young (2048K), 2 survivors (2048K)
 Metaspace       used 119834K, capacity 122479K, committed 122828K, reserved 1157120K
  class space    used 14574K, capacity 15507K, committed 15616K, reserved 1048576K
}
Event: 8850.239 GC heap before
{Heap before GC invocations=136 (full 0):
 garbage-first heap   total 275456K, used 186994K [0x00000000a0000000, 0x0000000100000000)
  region size 1024K, 4 young (4096K), 2 survivors (2048K)
 Metaspace       used 119835K, capacity 122480K, committed 122828K, reserved 1157120K
  class space    used 14574K, capacity 15507K, committed 15616K, reserved 1048576K
}
Event: 8850.250 GC heap after
{Heap after GC invocations=137 (full 0):
 garbage-first heap   total 275456K, used 187467K [0x00000000a0000000, 0x0000000100000000)
  region size 1024K, 1 young (1024K), 1 survivors (1024K)
 Metaspace       used 119835K, capacity 122480K, committed 122828K, reserved 1157120K
  class space    used 14574K, capacity 15507K, committed 15616K, reserved 1048576K
}

Deoptimization events (10 events):
Event: 8849.690 Thread 0x0000026fec37e800 Uncommon trap: reason=intrinsic_or_type_checked_inlining action=make_not_entrant pc=0x0000026fd9901764 method=java.util.stream.SpinedBuffer.copyInto([Ljava/lang/Object;I)V @ 87 c2
Event: 8849.755 Thread 0x0000026fec37e800 Uncommon trap: reason=intrinsic_or_type_checked_inlining action=make_not_entrant pc=0x0000026fd990aff0 method=java.util.stream.SpinedBuffer.copyInto([Ljava/lang/Object;I)V @ 125 c2
Event: 8850.755 Thread 0x0000026fec37e800 Uncommon trap: reason=bimorphic_or_optimized_type_check action=maybe_recompile pc=0x0000026fd9930c7c method=com.android.tools.r8.graph.V.a(Ljava/util/Collection;Lcom/android/tools/r8/naming/H;)V @ 48 c2
Event: 8850.755 Thread 0x0000026fec37e800 Uncommon trap: reason=bimorphic_or_optimized_type_check action=maybe_recompile pc=0x0000026fd9930c7c method=com.android.tools.r8.graph.V.a(Ljava/util/Collection;Lcom/android/tools/r8/naming/H;)V @ 48 c2
Event: 8850.755 Thread 0x0000026fec37e800 Uncommon trap: reason=bimorphic_or_optimized_type_check action=maybe_recompile pc=0x0000026fd9930c7c method=com.android.tools.r8.graph.V.a(Ljava/util/Collection;Lcom/android/tools/r8/naming/H;)V @ 48 c2
Event: 8850.755 Thread 0x0000026fec37e800 Uncommon trap: reason=bimorphic_or_optimized_type_check action=maybe_recompile pc=0x0000026fd9930c7c method=com.android.tools.r8.graph.V.a(Ljava/util/Collection;Lcom/android/tools/r8/naming/H;)V @ 48 c2
Event: 8850.771 Thread 0x0000026fec37e800 Uncommon trap: reason=profile_predicate action=maybe_recompile pc=0x0000026fd9931d54 method=com.android.tools.r8.graph.f0.a(Lcom/android/tools/r8/graph/f0;)I @ 19 c2
Event: 8850.771 Thread 0x0000026fec37e800 Uncommon trap: reason=profile_predicate action=maybe_recompile pc=0x0000026fd9931d54 method=com.android.tools.r8.graph.f0.a(Lcom/android/tools/r8/graph/f0;)I @ 19 c2
Event: 8850.771 Thread 0x0000026fec37e800 Uncommon trap: reason=profile_predicate action=maybe_recompile pc=0x0000026fd9931d54 method=com.android.tools.r8.graph.f0.a(Lcom/android/tools/r8/graph/f0;)I @ 19 c2
Event: 8850.771 Thread 0x0000026fec37e800 Uncommon trap: reason=profile_predicate action=maybe_recompile pc=0x0000026fd9931d54 method=com.android.tools.r8.graph.f0.a(Lcom/android/tools/r8/graph/f0;)I @ 19 c2

Classes redefined (0 events):
No events

Internal exceptions (10 events):
Event: 8843.519 Thread 0x0000026fec37d800 Exception <a 'sun/nio/fs/WindowsException'{0x00000000a9ac3508}> (0x00000000a9ac3508) thrown at [t:/workspace/open/src/hotspot/share/prims/jni.cpp, line 615]
Event: 8843.521 Thread 0x0000026fec37d800 Exception <a 'sun/nio/fs/WindowsException'{0x00000000a9ac9758}> (0x00000000a9ac9758) thrown at [t:/workspace/open/src/hotspot/share/prims/jni.cpp, line 615]
Event: 8843.526 Thread 0x0000026ff3b12800 Exception <a 'sun/nio/fs/WindowsException'{0x00000000a99c4a60}> (0x00000000a99c4a60) thrown at [t:/workspace/open/src/hotspot/share/prims/jni.cpp, line 615]
Event: 8843.529 Thread 0x0000026fec37d800 Exception <a 'sun/nio/fs/WindowsException'{0x00000000a9ad2550}> (0x00000000a9ad2550) thrown at [t:/workspace/open/src/hotspot/share/prims/jni.cpp, line 615]
Event: 8843.533 Thread 0x0000026ff3b12800 Exception <a 'sun/nio/fs/WindowsException'{0x00000000a99cb8f8}> (0x00000000a99cb8f8) thrown at [t:/workspace/open/src/hotspot/share/prims/jni.cpp, line 615]
Event: 8843.547 Thread 0x0000026fec37d800 Exception <a 'sun/nio/fs/WindowsException'{0x00000000a9adb7b0}> (0x00000000a9adb7b0) thrown at [t:/workspace/open/src/hotspot/share/prims/jni.cpp, line 615]
Event: 8845.179 Thread 0x0000026feb099000 Exception <a 'java/lang/NoSuchMethodError'{0x00000000a92fcb78}: <clinit>> (0x00000000a92fcb78) thrown at [t:/workspace/open/src/hotspot/share/prims/jni.cpp, line 1364]
Event: 8845.746 Thread 0x0000026fec37e800 Exception <a 'sun/nio/fs/WindowsException'{0x00000000a8cf59a8}> (0x00000000a8cf59a8) thrown at [t:/workspace/open/src/hotspot/share/prims/jni.cpp, line 615]
Event: 8846.677 Thread 0x0000026febfba000 Implicit null exception at 0x0000026fd89bbfaf to 0x0000026fd89bc0a2
Event: 8848.927 Thread 0x0000026fec37e800 Implicit null exception at 0x0000026fd981921c to 0x0000026fd9819c4c

Events (10 events):
Event: 8850.771 Thread 0x0000026fec37e800 DEOPT PACKING pc=0x0000026fd9931d54 sp=0x00000086a06fd870
Event: 8850.771 Thread 0x0000026fec37e800 DEOPT UNPACKING pc=0x0000026fd0d38f2f sp=0x00000086a06fd800 mode 2
Event: 8850.771 Thread 0x0000026fec37e800 Uncommon trap: trap_request=0xffffffbe fr.pc=0x0000026fd9931d54 relative=0x0000000000000114
Event: 8850.771 Thread 0x0000026fec37e800 DEOPT PACKING pc=0x0000026fd9931d54 sp=0x00000086a06fd870
Event: 8850.772 Thread 0x0000026fec37e800 DEOPT UNPACKING pc=0x0000026fd0d38f2f sp=0x00000086a06fd800 mode 2
Event: 8850.787 Thread 0x0000026fec37e800 DEOPT PACKING pc=0x0000026fd3e4b672 sp=0x00000086a06fdb60
Event: 8850.787 Thread 0x0000026fec37e800 DEOPT UNPACKING pc=0x0000026fd0d38d4e sp=0x00000086a06fd038 mode 0
Event: 8850.819 Executing VM operation: CGC_Operation
Event: 8850.820 Executing VM operation: CGC_Operation done
Event: 8850.875 Thread 0x0000026febfb5000 Thread added: 0x0000026febfb5000


Dynamic libraries:
0x00007ff6d5a50000 - 0x00007ff6d5a97000 	C:\Program Files\Java\jdk-11.0.2\bin\java.exe
0x00007ffc0c0c0000 - 0x00007ffc0c2c9000 	C:\WINDOWS\SYSTEM32\ntdll.dll
0x00007ffc0b080000 - 0x00007ffc0b13d000 	C:\WINDOWS\System32\KERNEL32.DLL
0x00007ffc09a90000 - 0x00007ffc09e04000 	C:\WINDOWS\System32\KERNELBASE.dll
0x00007ffc0b640000 - 0x00007ffc0b6ee000 	C:\WINDOWS\System32\ADVAPI32.dll
0x00007ffc0a8d0000 - 0x00007ffc0a973000 	C:\WINDOWS\System32\msvcrt.dll
0x00007ffc0aec0000 - 0x00007ffc0af5e000 	C:\WINDOWS\System32\sechost.dll
0x00007ffc0ada0000 - 0x00007ffc0aec0000 	C:\WINDOWS\System32\RPCRT4.dll
0x00007ffc0aa70000 - 0x00007ffc0ac1c000 	C:\WINDOWS\System32\USER32.dll
0x00007ffc09f30000 - 0x00007ffc09f56000 	C:\WINDOWS\System32\win32u.dll
0x00007ffc0b050000 - 0x00007ffc0b079000 	C:\WINDOWS\System32\GDI32.dll
0x00007ffc095b0000 - 0x00007ffc096c2000 	C:\WINDOWS\System32\gdi32full.dll
0x00007ffc096d0000 - 0x00007ffc0976d000 	C:\WINDOWS\System32\msvcp_win.dll
0x00007ffc09e10000 - 0x00007ffc09f21000 	C:\WINDOWS\System32\ucrtbase.dll
0x00007ffbf2e80000 - 0x00007ffbf3125000 	C:\WINDOWS\WinSxS\amd64_microsoft.windows.common-controls_6595b64144ccf1df_6.0.22000.120_none_9d947278b86cc467\COMCTL32.dll
0x00007ffc00110000 - 0x00007ffc0011a000 	C:\WINDOWS\SYSTEM32\VERSION.dll
0x00007ffc0a2e0000 - 0x00007ffc0a311000 	C:\WINDOWS\System32\IMM32.DLL
0x00007ffbf5e10000 - 0x00007ffbf5e26000 	C:\Program Files\Java\jdk-11.0.2\bin\vcruntime140.dll
0x00007ffbd4230000 - 0x00007ffbd42da000 	C:\Program Files\Java\jdk-11.0.2\bin\msvcp140.dll
0x00007ffba4ff0000 - 0x00007ffba5b17000 	C:\Program Files\Java\jdk-11.0.2\bin\server\jvm.dll
0x00007ffc0b4a0000 - 0x00007ffc0b4a8000 	C:\WINDOWS\System32\PSAPI.DLL
0x00007ffc05510000 - 0x00007ffc05519000 	C:\WINDOWS\SYSTEM32\WSOCK32.dll
0x00007ffc025e0000 - 0x00007ffc02613000 	C:\WINDOWS\SYSTEM32\WINMM.dll
0x00007ffc0b420000 - 0x00007ffc0b48f000 	C:\WINDOWS\System32\WS2_32.dll
0x00007ffc086b0000 - 0x00007ffc086c8000 	C:\WINDOWS\SYSTEM32\kernel.appcore.dll
0x00007ffbf5c50000 - 0x00007ffbf5c61000 	C:\Program Files\Java\jdk-11.0.2\bin\verify.dll
0x00007ffc07100000 - 0x00007ffc07321000 	C:\WINDOWS\SYSTEM32\DBGHELP.DLL
0x00007ffbe9c20000 - 0x00007ffbe9c51000 	C:\WINDOWS\SYSTEM32\dbgcore.DLL
0x00007ffc09770000 - 0x00007ffc097ef000 	C:\WINDOWS\System32\bcryptPrimitives.dll
0x00007ffbe7be0000 - 0x00007ffbe7c09000 	C:\Program Files\Java\jdk-11.0.2\bin\java.dll
0x00007ffbf3260000 - 0x00007ffbf3276000 	C:\Program Files\Java\jdk-11.0.2\bin\zip.dll
0x00007ffc01a40000 - 0x00007ffc01a4a000 	C:\Program Files\Java\jdk-11.0.2\bin\jimage.dll
0x00007ffc0b6f0000 - 0x00007ffc0be9f000 	C:\WINDOWS\System32\SHELL32.dll
0x00007ffc076f0000 - 0x00007ffc07f58000 	C:\WINDOWS\SYSTEM32\windows.storage.dll
0x00007ffc09f60000 - 0x00007ffc0a2d8000 	C:\WINDOWS\System32\combase.dll
0x00007ffc07580000 - 0x00007ffc076e6000 	C:\WINDOWS\SYSTEM32\wintypes.dll
0x00007ffc0af60000 - 0x00007ffc0b04a000 	C:\WINDOWS\System32\SHCORE.dll
0x00007ffc0b4b0000 - 0x00007ffc0b50d000 	C:\WINDOWS\System32\shlwapi.dll
0x00007ffc094e0000 - 0x00007ffc09501000 	C:\WINDOWS\SYSTEM32\profapi.dll
0x00007ffbf2250000 - 0x00007ffbf2269000 	C:\Program Files\Java\jdk-11.0.2\bin\net.dll
0x00007ffc012a0000 - 0x00007ffc0148f000 	C:\WINDOWS\SYSTEM32\urlmon.dll
0x00007ffc02320000 - 0x00007ffc0242c000 	C:\WINDOWS\SYSTEM32\WINHTTP.dll
0x00007ffc00fe0000 - 0x00007ffc01293000 	C:\WINDOWS\SYSTEM32\iertutil.dll
0x00007ffc01a00000 - 0x00007ffc01a28000 	C:\WINDOWS\SYSTEM32\srvcli.dll
0x00007ffc081a0000 - 0x00007ffc081ac000 	C:\WINDOWS\SYSTEM32\netutils.dll
0x00007ffc08b50000 - 0x00007ffc08bb7000 	C:\WINDOWS\system32\mswsock.dll
0x00007ffbe7bc0000 - 0x00007ffbe7bd3000 	C:\Program Files\Java\jdk-11.0.2\bin\nio.dll
0x00007ffbf3b50000 - 0x00007ffbf3b76000 	F:\cacheadr\.gradle\native\30\windows-amd64\native-platform.dll
0x00007ffc00f40000 - 0x00007ffc00f49000 	C:\Program Files\Java\jdk-11.0.2\bin\management.dll
0x00007ffbfb750000 - 0x00007ffbfb75c000 	C:\Program Files\Java\jdk-11.0.2\bin\management_ext.dll
0x00007ffc08da0000 - 0x00007ffc08db8000 	C:\WINDOWS\SYSTEM32\CRYPTSP.dll
0x00007ffc08610000 - 0x00007ffc08645000 	C:\WINDOWS\system32\rsaenh.dll
0x00007ffc08c40000 - 0x00007ffc08c69000 	C:\WINDOWS\SYSTEM32\USERENV.dll
0x00007ffc08f90000 - 0x00007ffc08fb7000 	C:\WINDOWS\SYSTEM32\bcrypt.dll
0x00007ffc08d90000 - 0x00007ffc08d9c000 	C:\WINDOWS\SYSTEM32\CRYPTBASE.dll
0x00007ffc081b0000 - 0x00007ffc081dd000 	C:\WINDOWS\SYSTEM32\IPHLPAPI.DLL
0x00007ffc0ad00000 - 0x00007ffc0ad09000 	C:\WINDOWS\System32\NSI.dll
0x00007ffc025c0000 - 0x00007ffc025d9000 	C:\WINDOWS\SYSTEM32\dhcpcsvc6.DLL
0x00007ffc02b50000 - 0x00007ffc02b6e000 	C:\WINDOWS\SYSTEM32\dhcpcsvc.DLL
0x00007ffc081e0000 - 0x00007ffc082c8000 	C:\WINDOWS\SYSTEM32\DNSAPI.dll
0x00007ffbf6e70000 - 0x00007ffbf6e7d000 	C:\Program Files\Java\jdk-11.0.2\bin\sunmscapi.dll
0x00007ffc09860000 - 0x00007ffc099c2000 	C:\WINDOWS\System32\CRYPT32.dll
0x00007ffc08f60000 - 0x00007ffc08f88000 	C:\WINDOWS\SYSTEM32\ncrypt.dll
0x00007ffc08f20000 - 0x00007ffc08f57000 	C:\WINDOWS\SYSTEM32\NTASN1.dll
0x00007ffbd7380000 - 0x00007ffbd73a7000 	C:\Program Files\Java\jdk-11.0.2\bin\sunec.dll

dbghelp: loaded successfully - version: 4.0.5 - missing functions: none
symbol engine: initialized successfully - sym options: 0x614 - pdb path: .;C:\Program Files\Java\jdk-11.0.2\bin;C:\WINDOWS\SYSTEM32;C:\WINDOWS\WinSxS\amd64_microsoft.windows.common-controls_6595b64144ccf1df_6.0.22000.120_none_9d947278b86cc467;C:\Program Files\Java\jdk-11.0.2\bin\server;F:\cacheadr\.gradle\native\30\windows-amd64

VM Arguments:
jvm_args: --add-opens=java.base/java.util=ALL-UNNAMED --add-opens=java.base/java.lang=ALL-UNNAMED --add-opens=java.base/java.lang.invoke=ALL-UNNAMED --add-opens=java.prefs/java.util.prefs=ALL-UNNAMED -Xmx1536m -Dfile.encoding=GBK -Duser.country=CN -Duser.language=zh -Duser.variant 
java_command: org.gradle.launcher.daemon.bootstrap.GradleDaemon 5.6.4
java_class_path (initial): F:\cacheadr\.gradle\wrapper\dists\gradle-5.6.4-all\ankdp27end7byghfw1q2sw75f\gradle-5.6.4\lib\gradle-launcher-5.6.4.jar
Launcher Type: SUN_STANDARD

[Global flags]
     intx CICompilerCount                          = 4                                         {product} {ergonomic}
     uint ConcGCThreads                            = 2                                         {product} {ergonomic}
     uint G1ConcRefinementThreads                  = 8                                         {product} {ergonomic}
   size_t G1HeapRegionSize                         = 1048576                                   {product} {ergonomic}
    uintx GCDrainStackTargetSize                   = 64                                        {product} {ergonomic}
   size_t InitialHeapSize                          = 134217728                                 {product} {ergonomic}
   size_t MarkStackSize                            = 4194304                                   {product} {ergonomic}
   size_t MaxHeapSize                              = 1610612736                                {product} {command line}
   size_t MaxNewSize                               = 965738496                                 {product} {ergonomic}
   size_t MinHeapDeltaBytes                        = 1048576                                   {product} {ergonomic}
    uintx NonNMethodCodeHeapSize                   = 5835340                                {pd product} {ergonomic}
    uintx NonProfiledCodeHeapSize                  = 122911450                              {pd product} {ergonomic}
    uintx ProfiledCodeHeapSize                     = 122911450                              {pd product} {ergonomic}
    uintx ReservedCodeCacheSize                    = 251658240                              {pd product} {ergonomic}
     bool SegmentedCodeCache                       = true                                      {product} {ergonomic}
     bool UseCompressedClassPointers               = true                                 {lp64_product} {ergonomic}
     bool UseCompressedOops                        = true                                 {lp64_product} {ergonomic}
     bool UseG1GC                                  = true                                      {product} {ergonomic}
     bool UseLargePagesIndividualAllocation        = false                                  {pd product} {ergonomic}

Logging:
Log output configuration:
 #0: stdout all=warning uptime,level,tags
 #1: stderr all=off uptime,level,tags

Environment Variables:
JAVA_HOME=C:\Program Files\Java\jdk1.8.0_311
CLASSPATH=F:\softwares\LINGO\Lingo18.jar
PATH=C:\Python310\Scripts\;C:\Python310\;C:\Program Files (x86)\Common Files\Oracle\Java\javapath;D:\VMware\bin\;C:\Windows\system32;C:\Windows;C:\Windows\System32\Wbem;C:\Windows\System32\WindowsPowerShell\v1.0\;C:\Windows\System32\OpenSSH\;C:\Program Files (x86)\NVIDIA Corporation\PhysX\Common;C:\Program Files\NVIDIA Corporation\NVIDIA NvDLISR;C:\Program Files\Microsoft SQL Server\Client SDK\ODBC\170\Tools\Binn\;C:\Program Files (x86)\Microsoft SQL Server\150\Tools\Binn\;C:\Program Files\Microsoft SQL Server\150\Tools\Binn\;C:\Program Files\Microsoft SQL Server\150\DTS\Binn\;C:\Program Files\dotnet\;D:\mingwg\bin;D:\Git\cmd;D:\Matlab\runtime\win64;D:\Matlab\bin;D:\vivado\Vivado\2020.2\bin;C:\WINDOWS\system32;C:\WINDOWS;C:\WINDOWS\System32\Wbem;C:\WINDOWS\System32\WindowsPowerShell\v1.0\;C:\WINDOWS\System32\OpenSSH\;C:\Users\zhang\Graphviz\bin;D:\softwares\Graphviz\bin;D:\softwares\GnuWin32\bin;D:\softwares\putty\;F:\softwares\texlive\2021\bin\win32;F:\softwares\SumatraPDF;D:\softwares\Opencv\opencv\build\x64\vc15\bin;C:\Program Files\Java\jdk1.8.0_311\bin;";C:\Program Files\Java\jdk1.8.0_311\jre\bin";F:\softwares\Android_Studio\jre\bin;D:\SDK\platform-tools;F:\softwares\LINGO\;C:\ProgramData\chocolatey\bin;F:\softwares\Xftp7\;F:\softwares\Xshell\;D:\Anaconda;D:\Anaconda\Library\mingw-w64\bin;D:\Anaconda\Library\usr\bin;D:\Anaconda\Library\bin;D:\Anaconda\Scripts;C:\Users\zhang\AppData\Local\Programs\Python\Python39\Scripts\;C:\Users\zhang\AppData\Local\Programs\Python\Python39\;C:\Users\zhang\AppData\Local\Microsoft\WindowsApps;C:\Users\zhang\.dotnet\tools;D:\pycharm\PyCharm Community Edition 2020.2.3\bin;D:\PhpStorm\PhpStorm 2020.2.3\bin;D:\PyCharm 2020.3.2\bin;D:\Microsoft VS Code\bin;D:\modelsim_10.7\win64;D:\softwares\CLion 2021.1\bin;D:\softwares\Graphviz\bin;D:\softwares\Opencv\opencv\build\x64\vc15\bin;F:\softwares\texlive\2021\bin\win32;F:\softwares\IntelliJ IDEA 2021.2.3\bin;C:\Users\zhang\AppData\Local\atom\bin
USERNAME=zhang
OS=Windows_NT
PROCESSOR_IDENTIFIER=Intel64 Family 6 Model 158 Stepping 10, GenuineIntel



---------------  S Y S T E M  ---------------

OS: Windows 10 , 64 bit Build 22000 (10.0.22000.613)

CPU:total 8 (initial active 8) (4 cores per cpu, 2 threads per core) family 6 model 158 stepping 10, cmov, cx8, fxsr, mmx, sse, sse2, sse3, ssse3, sse4.1, sse4.2, popcnt, avx, avx2, aes, clmul, erms, 3dnowpref, lzcnt, ht, tsc, tscinvbit, bmi1, bmi2, adx, fma

Memory: 4k page, system-wide physical 8112M (342M free)
TotalPageFile size 20912M (AvailPageFile size 3M)
current process WorkingSet (physical memory assigned to process): 549M, peak: 557M
current process commit charge ("private bytes"): 696M, peak: 702M

vm_info: Java HotSpot(TM) 64-Bit Server VM (11.0.2+9-LTS) for windows-amd64 JRE (11.0.2+9-LTS), built on Jan 18 2019 05:24:10 by "mach5one" with MS VC++ 15.5 (VS2017)

END.
